<?xml version="1.0" encoding="UTF-8"?>
<!-- Generated by org.testng.reporters.JUnitXMLReporter -->
<testsuite ignored="0" hostname="LAPTOP-57SMI8VN" failures="0" tests="1" name="Test" time="0.105" errors="0" timestamp="2021-07-12T13:51:29 IST">
  <testcase classname="com.orangehrm.testbase.Testbase" name="@BeforeSuite setupsuite" time="0.179">
    <failure type="java.lang.NoSuchMethodError" message="&amp;apos;void org.apache.poi.util.POILogger.log(int, java.lang.Object)&amp;apos;">
      <![CDATA[java.lang.NoSuchMethodError: 'void org.apache.poi.util.POILogger.log(int, java.lang.Object)'
at org.apache.poi.openxml4j.opc.PackageRelationshipCollection.parseRelationshipsPart(PackageRelationshipCollection.java:304)
at org.apache.poi.openxml4j.opc.PackageRelationshipCollection.<init>(PackageRelationshipCollection.java:156)
at org.apache.poi.openxml4j.opc.PackageRelationshipCollection.<init>(PackageRelationshipCollection.java:124)
at org.apache.poi.openxml4j.opc.PackagePart.loadRelationships(PackagePart.java:559)
at org.apache.poi.openxml4j.opc.PackagePart.<init>(PackagePart.java:112)
at org.apache.poi.openxml4j.opc.PackagePart.<init>(PackagePart.java:83)
at org.apache.poi.openxml4j.opc.PackagePart.<init>(PackagePart.java:128)
at org.apache.poi.openxml4j.opc.ZipPackagePart.<init>(ZipPackagePart.java:78)
at org.apache.poi.openxml4j.opc.ZipPackage.getPartsImpl(ZipPackage.java:218)
at org.apache.poi.openxml4j.opc.OPCPackage.getParts(OPCPackage.java:662)
at org.apache.poi.openxml4j.opc.OPCPackage.open(OPCPackage.java:269)
at org.apache.poi.util.PackageHelper.open(PackageHelper.java:39)
at org.apache.poi.xssf.usermodel.XSSFWorkbook.<init>(XSSFWorkbook.java:204)
at com.orangehrm.utilities.XLSXDataProvider.<init>(XLSXDataProvider.java:19)
at com.orangehrm.testbase.Testbase.setupsuite(Testbase.java:28)
... Removed 19 stack frames]]>
    </failure>
  </testcase> <!-- @BeforeSuite setupsuite -->
  <testcase classname="com.orangehrm.testbase.Testbase" name="@BeforeMethod setup" time="-1.626078089182E9">
    <skipped/>
  </testcase> <!-- @BeforeMethod setup -->
  <testcase classname="com.orangehrm.testbase.Testbase" name="@AfterMethod breakdown" time="-1.626078089202E9">
    <skipped/>
  </testcase> <!-- @AfterMethod breakdown -->
  <testcase classname="com.orangehrm.testcases.Logintestcase1" name="logincase" time="0.0">
    <skipped/>
  </testcase> <!-- logincase -->
</testsuite> <!-- Test -->
